<?xml version="1.0" encoding="UTF-8"?>
<testsuite xmlns:xsi="http://www.w3.org/2001/XMLSchema-instance" xsi:noNamespaceSchemaLocation="https://maven.apache.org/surefire/maven-surefire-plugin/xsd/surefire-test-report.xsd" name="game.order.BlockadeTest" time="0.178" tests="4" errors="0" skipped="0" failures="0">
  <properties>
[...]
</properties>
  <testcase name="shouldNotBlockadeWhenPlayerIsNotOwner" classname="game.order.BlockadeTest" time="0.002"/>
  <testcase name="shouldPassAllPojoTests" classname="game.order.BlockadeTest" time="0.169"/>
  <testcase name="shouldNotBlockadeWhenPlayerHasNoBlockadeCard" classname="game.order.BlockadeTest" time="0.003"/>
  <testcase name="ShouldExecuteBlockadeOrderWhenPlayerIsOwnerAndHasBlockadeCard" classname="game.order.BlockadeTest" time="0.002"/>
</testsuite>